19:28:29,106  INFO AdminClient,main:43 - press 12 to view student details
19:28:29,107  INFO AdminClient,main:44 - press 13 to view Courses
19:28:29,107  INFO AdminClient,main:45 - press 14 to logout
19:28:43,171  INFO AdminClient,main:264 - deleteing course from catalog
19:28:43,171  INFO AdminClient,main:265 - enter courseid
19:28:48,982 ERROR AdminOperation,main:137 - course not deleted successfully
19:28:48,982  INFO AdminClient,main:28 - ************************
19:28:48,982  INFO AdminClient,main:29 - Welcome to admin portal
19:28:48,982  INFO AdminClient,main:30 - ************************
19:28:48,983  INFO AdminClient,main:31 - press 0 for adding student
19:28:48,983  INFO AdminClient,main:32 - press 1 for adding professor
19:28:48,983  INFO AdminClient,main:33 - press 2 for adding admin
19:28:48,983  INFO AdminClient,main:34 - press 3 for update student
19:28:48,986  INFO AdminClient,main:35 - press 4 for update professor
19:28:48,986  INFO AdminClient,main:36 - press 5 for update admin
19:28:48,987  INFO AdminClient,main:37 - press 6 for delete student
19:28:48,987  INFO AdminClient,main:38 - press 7 for delete professor
19:28:48,987  INFO AdminClient,main:39 - press 8 for delete admin
19:28:48,987  INFO AdminClient,main:40 - press 9 to add course to catalog
19:28:48,987  INFO AdminClient,main:41 - press 10 to update course in catalog
19:28:48,987  INFO AdminClient,main:42 - press 11 to delete course from catalog
19:28:48,987  INFO AdminClient,main:43 - press 12 to view student details
19:28:48,987  INFO AdminClient,main:44 - press 13 to view Courses
19:28:48,988  INFO AdminClient,main:45 - press 14 to logout
19:29:12,466  INFO AdminClient,main:264 - deleteing course from catalog
19:29:12,466  INFO AdminClient,main:265 - enter courseid
19:29:15,932  INFO AdminOperation,main:134 -  course deleted successfully
19:29:15,933  INFO AdminClient,main:28 - ************************
19:29:15,933  INFO AdminClient,main:29 - Welcome to admin portal
19:29:15,934  INFO AdminClient,main:30 - ************************
19:29:15,934  INFO AdminClient,main:31 - press 0 for adding student
19:29:15,934  INFO AdminClient,main:32 - press 1 for adding professor
19:29:15,935  INFO AdminClient,main:33 - press 2 for adding admin
19:29:15,935  INFO AdminClient,main:34 - press 3 for update student
19:29:15,935  INFO AdminClient,main:35 - press 4 for update professor
19:29:15,936  INFO AdminClient,main:36 - press 5 for update admin
19:29:15,936  INFO AdminClient,main:37 - press 6 for delete student
19:29:15,936  INFO AdminClient,main:38 - press 7 for delete professor
19:29:15,936  INFO AdminClient,main:39 - press 8 for delete admin
19:29:15,937  INFO AdminClient,main:40 - press 9 to add course to catalog
19:29:15,937  INFO AdminClient,main:41 - press 10 to update course in catalog
19:29:15,938  INFO AdminClient,main:42 - press 11 to delete course from catalog
19:29:15,938  INFO AdminClient,main:43 - press 12 to view student details
19:29:15,939  INFO AdminClient,main:44 - press 13 to view Courses
19:29:15,939  INFO AdminClient,main:45 - press 14 to logout
19:29:28,335  INFO AdminClient,main:107 - admin logging out
19:29:28,336  INFO AdminClient,main:108 - 2020-06-13T19:29:28.336/SATURDAY
19:29:28,336  INFO UserClient,main:22 - **************
19:29:28,336  INFO UserClient,main:23 - Login Portal
19:29:28,336  INFO UserClient,main:24 - **************
19:29:28,336  INFO UserClient,main:25 - enter username
19:36:07,703  INFO UserClient,main:22 - **************
19:36:07,706  INFO UserClient,main:23 - Login Portal
19:36:07,706  INFO UserClient,main:24 - **************
19:36:07,706  INFO UserClient,main:25 - enter username
19:36:10,538  INFO UserClient,main:27 - enter password
19:36:14,762  INFO UserClient,main:36 - Admin is logged in
19:36:14,763  INFO UserClient,main:37 - 2020-06-13T19:36:13.379/SATURDAY
19:36:14,765  INFO AdminClient,main:28 - ************************
19:36:14,767  INFO AdminClient,main:29 - Welcome to admin portal
19:36:14,767  INFO AdminClient,main:30 - ************************
19:36:14,767  INFO AdminClient,main:31 - press 0 for adding student
19:36:14,767  INFO AdminClient,main:32 - press 1 for adding professor
19:36:14,767  INFO AdminClient,main:33 - press 2 for adding admin
19:36:14,767  INFO AdminClient,main:34 - press 3 for update student
19:36:14,767  INFO AdminClient,main:35 - press 4 for update professor
19:36:14,767  INFO AdminClient,main:36 - press 5 for update admin
19:36:14,767  INFO AdminClient,main:37 - press 6 for delete student
19:36:14,767  INFO AdminClient,main:38 - press 7 for delete professor
19:36:14,767  INFO AdminClient,main:39 - press 8 for delete admin
19:36:14,768  INFO AdminClient,main:40 - press 9 to add course to catalog
19:36:14,768  INFO AdminClient,main:41 - press 10 to update course in catalog
19:36:14,768  INFO AdminClient,main:42 - press 11 to delete course from catalog
19:36:14,768  INFO AdminClient,main:43 - press 12 to view student details
19:36:14,768  INFO AdminClient,main:44 - press 13 to view Courses
19:36:14,770  INFO AdminClient,main:45 - press 14 to logout
19:36:21,707  INFO AdminClient,main:272 - Listing students
19:36:21,712  INFO AdminOperation,main:156 -   username   username   username   username
19:36:21,714  INFO AdminOperation,main:163 - radha  Ms.radha delhi 2019 909009090
19:36:21,716  INFO AdminOperation,main:170 - syam  Mr.syam delhi 2020 909909009
19:36:21,717  INFO AdminClient,main:28 - ************************
19:36:21,717  INFO AdminClient,main:29 - Welcome to admin portal
19:36:21,717  INFO AdminClient,main:30 - ************************
19:36:21,717  INFO AdminClient,main:31 - press 0 for adding student
19:36:21,717  INFO AdminClient,main:32 - press 1 for adding professor
19:36:21,717  INFO AdminClient,main:33 - press 2 for adding admin
19:36:21,718  INFO AdminClient,main:34 - press 3 for update student
19:36:21,718  INFO AdminClient,main:35 - press 4 for update professor
19:36:21,718  INFO AdminClient,main:36 - press 5 for update admin
19:36:21,718  INFO AdminClient,main:37 - press 6 for delete student
19:36:21,718  INFO AdminClient,main:38 - press 7 for delete professor
19:36:21,718  INFO AdminClient,main:39 - press 8 for delete admin
19:36:21,718  INFO AdminClient,main:40 - press 9 to add course to catalog
19:36:21,718  INFO AdminClient,main:41 - press 10 to update course in catalog
19:36:21,719  INFO AdminClient,main:42 - press 11 to delete course from catalog
19:36:21,719  INFO AdminClient,main:43 - press 12 to view student details
19:36:21,719  INFO AdminClient,main:44 - press 13 to view Courses
19:36:21,719  INFO AdminClient,main:45 - press 14 to logout
19:39:13,484  INFO UserClient,main:22 - **************
19:39:13,486  INFO UserClient,main:23 - Login Portal
19:39:13,487  INFO UserClient,main:24 - **************
19:39:13,487  INFO UserClient,main:25 - enter username
19:39:16,592  INFO UserClient,main:27 - enter password
19:39:19,852  INFO UserClient,main:36 - Admin is logged in
19:39:19,852  INFO UserClient,main:37 - 2020-06-13T19:39:18.620/SATURDAY
19:39:19,855  INFO AdminClient,main:28 - ************************
19:39:19,855  INFO AdminClient,main:29 - Welcome to admin portal
19:39:19,855  INFO AdminClient,main:30 - ************************
19:39:19,856  INFO AdminClient,main:31 - press 0 for adding student
19:39:19,856  INFO AdminClient,main:32 - press 1 for adding professor
19:39:19,856  INFO AdminClient,main:33 - press 2 for adding admin
19:39:19,856  INFO AdminClient,main:34 - press 3 for update student
19:39:19,856  INFO AdminClient,main:35 - press 4 for update professor
19:39:19,856  INFO AdminClient,main:36 - press 5 for update admin
19:39:19,857  INFO AdminClient,main:37 - press 6 for delete student
19:39:19,857  INFO AdminClient,main:38 - press 7 for delete professor
19:39:19,857  INFO AdminClient,main:39 - press 8 for delete admin
19:39:19,857  INFO AdminClient,main:40 - press 9 to add course to catalog
19:39:19,857  INFO AdminClient,main:41 - press 10 to update course in catalog
19:39:19,857  INFO AdminClient,main:42 - press 11 to delete course from catalog
19:39:19,858  INFO AdminClient,main:43 - press 12 to view student details
19:39:19,858  INFO AdminClient,main:44 - press 13 to view Courses
19:39:19,858  INFO AdminClient,main:45 - press 14 to logout
19:39:22,328  INFO AdminClient,main:272 - Listing students
19:39:22,333  INFO AdminOperation,main:156 -   username       name    address       year mobile number
19:39:22,335  INFO AdminOperation,main:163 -      radha   Ms.radha      delhi       2019  909009090
19:39:22,337  INFO AdminOperation,main:170 -       syam    Mr.syam      delhi       2020  909909009
19:39:22,338  INFO AdminClient,main:28 - ************************
19:39:22,338  INFO AdminClient,main:29 - Welcome to admin portal
19:39:22,338  INFO AdminClient,main:30 - ************************
19:39:22,338  INFO AdminClient,main:31 - press 0 for adding student
19:39:22,338  INFO AdminClient,main:32 - press 1 for adding professor
19:39:22,338  INFO AdminClient,main:33 - press 2 for adding admin
19:39:22,338  INFO AdminClient,main:34 - press 3 for update student
19:39:22,339  INFO AdminClient,main:35 - press 4 for update professor
19:39:22,339  INFO AdminClient,main:36 - press 5 for update admin
19:39:22,339  INFO AdminClient,main:37 - press 6 for delete student
19:39:22,339  INFO AdminClient,main:38 - press 7 for delete professor
19:39:22,339  INFO AdminClient,main:39 - press 8 for delete admin
19:39:22,339  INFO AdminClient,main:40 - press 9 to add course to catalog
19:39:22,340  INFO AdminClient,main:41 - press 10 to update course in catalog
19:39:22,340  INFO AdminClient,main:42 - press 11 to delete course from catalog
19:39:22,340  INFO AdminClient,main:43 - press 12 to view student details
19:39:22,340  INFO AdminClient,main:44 - press 13 to view Courses
19:39:22,340  INFO AdminClient,main:45 - press 14 to logout
19:39:45,159  INFO UserClient,main:22 - **************
19:39:45,161  INFO UserClient,main:23 - Login Portal
19:39:45,162  INFO UserClient,main:24 - **************
19:39:45,162  INFO UserClient,main:25 - enter username
19:40:23,433  INFO UserClient,main:27 - enter password
19:40:27,078  INFO UserClient,main:42 - Professor is logged in
19:40:27,079  INFO UserClient,main:43 - 2020-06-13T19:40:25.868/SATURDAY
19:40:27,112  INFO ProfessorClient,main:21 - welcome to professor portal
19:40:27,112  INFO ProfessorClient,main:26 - enter 0 for getting course list
19:40:27,113  INFO ProfessorClient,main:27 - enter 1 for getting list of enrolled students
19:40:27,113  INFO ProfessorClient,main:28 - enter 2 for selecting course for teaching
19:40:27,113  INFO ProfessorClient,main:29 - enter 3 for uploading grades
19:40:27,113  INFO ProfessorClient,main:30 - enter 4 for logout
19:40:39,264  INFO UserClient,main:22 - **************
19:40:39,267  INFO UserClient,main:23 - Login Portal
19:40:39,267  INFO UserClient,main:24 - **************
19:40:39,267  INFO UserClient,main:25 - enter username
19:40:41,420  INFO UserClient,main:27 - enter password
19:40:53,032  INFO UserClient,main:22 - **************
19:40:53,035  INFO UserClient,main:23 - Login Portal
19:40:53,036  INFO UserClient,main:24 - **************
19:40:53,036  INFO UserClient,main:25 - enter username
19:40:55,449  INFO UserClient,main:27 - enter password
19:41:45,435  INFO UserClient,main:22 - **************
19:41:45,437  INFO UserClient,main:23 - Login Portal
19:41:45,438  INFO UserClient,main:24 - **************
19:41:45,438  INFO UserClient,main:25 - enter username
19:41:48,522  INFO UserClient,main:27 - enter password
19:41:50,809 ERROR UserClient,main:56 - narender password is not correct
19:41:50,809  INFO UserClient,main:22 - **************
19:41:50,809  INFO UserClient,main:23 - Login Portal
19:41:50,809  INFO UserClient,main:24 - **************
19:41:50,810  INFO UserClient,main:25 - enter username
19:43:07,157  INFO UserClient,main:27 - enter password
19:47:18,956  INFO UserClient,main:22 - **************
19:47:18,958  INFO UserClient,main:23 - Login Portal
19:47:18,959  INFO UserClient,main:24 - **************
19:47:18,959  INFO UserClient,main:25 - enter username
19:47:20,812  INFO UserClient,main:27 - enter password
19:47:39,723  INFO UserClient,main:22 - **************
19:47:39,725  INFO UserClient,main:23 - Login Portal
19:47:39,725  INFO UserClient,main:24 - **************
19:47:39,726  INFO UserClient,main:25 - enter username
19:47:41,350  INFO UserClient,main:27 - enter password
19:48:58,344  INFO UserClient,main:22 - **************
19:48:58,347  INFO UserClient,main:23 - Login Portal
19:48:58,347  INFO UserClient,main:24 - **************
19:48:58,347  INFO UserClient,main:25 - enter username
19:49:00,252  INFO UserClient,main:27 - enter password
19:49:02,245 ERROR UserClient,main:56 - jjs not found
19:49:02,246  INFO UserClient,main:22 - **************
19:49:02,246  INFO UserClient,main:23 - Login Portal
19:49:02,246  INFO UserClient,main:24 - **************
19:49:02,246  INFO UserClient,main:25 - enter username
19:50:47,710  INFO UserClient,main:27 - enter password
19:50:49,917  INFO UserClient,main:42 - Professor is logged in
19:50:49,918  INFO UserClient,main:43 - 2020-06-13T19:50:49.915/SATURDAY
19:50:49,920  INFO ProfessorClient,main:21 - welcome to professor portal
19:50:49,921  INFO ProfessorClient,main:26 - enter 0 for getting course list
19:50:49,921  INFO ProfessorClient,main:27 - enter 1 for getting list of enrolled students
19:50:49,921  INFO ProfessorClient,main:28 - enter 2 for selecting course for teaching
19:50:49,921  INFO ProfessorClient,main:29 - enter 3 for uploading grades
19:50:49,921  INFO ProfessorClient,main:30 - enter 4 for logout
19:50:57,248  INFO ProfessorClient,main:51 - professor logging out
19:50:57,248  INFO ProfessorClient,main:52 - 2020-06-13T19:50:57.248/SATURDAY
19:50:57,248  INFO UserClient,main:22 - **************
19:50:57,248  INFO UserClient,main:23 - Login Portal
19:50:57,248  INFO UserClient,main:24 - **************
19:50:57,249  INFO UserClient,main:25 - enter username
19:51:01,457  INFO UserClient,main:27 - enter password
19:51:04,234  INFO UserClient,main:36 - Admin is logged in
19:51:04,234  INFO UserClient,main:37 - 2020-06-13T19:51:04.231/SATURDAY
19:51:04,238  INFO AdminClient,main:28 - ************************
19:51:04,239  INFO AdminClient,main:29 - Welcome to admin portal
19:51:04,239  INFO AdminClient,main:30 - ************************
19:51:04,239  INFO AdminClient,main:31 - press 0 for adding student
19:51:04,239  INFO AdminClient,main:32 - press 1 for adding professor
19:51:04,239  INFO AdminClient,main:33 - press 2 for adding admin
19:51:04,240  INFO AdminClient,main:34 - press 3 for update student
19:51:04,240  INFO AdminClient,main:35 - press 4 for update professor
19:51:04,240  INFO AdminClient,main:36 - press 5 for update admin
19:51:04,240  INFO AdminClient,main:37 - press 6 for delete student
19:51:04,240  INFO AdminClient,main:38 - press 7 for delete professor
19:51:04,240  INFO AdminClient,main:39 - press 8 for delete admin
19:51:04,240  INFO AdminClient,main:40 - press 9 to add course to catalog
19:51:04,241  INFO AdminClient,main:41 - press 10 to update course in catalog
19:51:04,241  INFO AdminClient,main:42 - press 11 to delete course from catalog
19:51:04,241  INFO AdminClient,main:43 - press 12 to view student details
19:51:04,241  INFO AdminClient,main:44 - press 13 to view Courses
19:51:04,241  INFO AdminClient,main:45 - press 14 to logout
19:51:11,931  INFO AdminClient,main:107 - admin logging out
19:51:11,932  INFO AdminClient,main:108 - 2020-06-13T19:51:11.932/SATURDAY
19:51:11,932  INFO UserClient,main:22 - **************
19:51:11,933  INFO UserClient,main:23 - Login Portal
19:51:11,933  INFO UserClient,main:24 - **************
19:51:11,933  INFO UserClient,main:25 - enter username
19:51:15,652  INFO UserClient,main:27 - enter password
19:51:17,084  INFO UserClient,main:42 - Professor is logged in
19:51:17,085  INFO UserClient,main:43 - 2020-06-13T19:51:17.082/SATURDAY
19:51:17,089  INFO ProfessorClient,main:21 - welcome to professor portal
19:51:17,089  INFO ProfessorClient,main:26 - enter 0 for getting course list
19:51:17,089  INFO ProfessorClient,main:27 - enter 1 for getting list of enrolled students
19:51:17,089  INFO ProfessorClient,main:28 - enter 2 for selecting course for teaching
19:51:17,090  INFO ProfessorClient,main:29 - enter 3 for uploading grades
19:51:17,090  INFO ProfessorClient,main:30 - enter 4 for logout
19:54:07,660  INFO ProfessorClient,main:60 - Viewing course list
19:54:07,669  INFO StudentOperation,main:45 -              Course Id       Course Name     Course Schedule    
19:54:07,670  INFO StudentOperation,main:46 - course details: 101        english      10-11AM
19:54:07,671  INFO StudentOperation,main:46 - course details: 102        maths      12-1PM
19:54:07,671  INFO StudentOperation,main:46 - course details: 103        hindi      9-10AM
19:54:07,671  INFO StudentOperation,main:46 - course details: 104        biology      1-2PM
19:54:07,671  INFO ProfessorClient,main:26 - enter 0 for getting course list
19:54:07,671  INFO ProfessorClient,main:27 - enter 1 for getting list of enrolled students
19:54:07,671  INFO ProfessorClient,main:28 - enter 2 for selecting course for teaching
19:54:07,671  INFO ProfessorClient,main:29 - enter 3 for uploading grades
19:54:07,672  INFO ProfessorClient,main:30 - enter 4 for logout
20:05:29,709  INFO ProfessorClient,main:60 - Viewing course list
20:05:29,712  INFO StudentOperation,main:45 -              Course Id       Course Name     Course Schedule    
20:05:29,712  INFO StudentOperation,main:46 - course details: 101        english      10-11AM
20:05:29,712  INFO StudentOperation,main:46 - course details: 102        maths      12-1PM
20:05:29,712  INFO StudentOperation,main:46 - course details: 103        hindi      9-10AM
20:05:29,712  INFO StudentOperation,main:46 - course details: 104        biology      1-2PM
20:05:29,712  INFO ProfessorClient,main:26 - enter 0 for getting course list
20:05:29,713  INFO ProfessorClient,main:27 - enter 1 for getting list of enrolled students
20:05:29,713  INFO ProfessorClient,main:28 - enter 2 for selecting course for teaching
20:05:29,713  INFO ProfessorClient,main:29 - enter 3 for uploading grades
20:05:29,713  INFO ProfessorClient,main:30 - enter 4 for logout
20:05:54,319  INFO ProfessorClient,main:51 - professor logging out
20:05:54,320  INFO ProfessorClient,main:52 - 2020-06-13T20:05:54.319/SATURDAY
20:05:54,320  INFO UserClient,main:22 - **************
20:05:54,320  INFO UserClient,main:23 - Login Portal
20:05:54,320  INFO UserClient,main:24 - **************
20:05:54,320  INFO UserClient,main:25 - enter username
20:05:56,501  INFO UserClient,main:27 - enter password
20:06:01,347 ERROR UserClient,main:56 - narender password is not correct
20:06:01,348  INFO UserClient,main:22 - **************
20:06:01,348  INFO UserClient,main:23 - Login Portal
20:06:01,348  INFO UserClient,main:24 - **************
20:06:01,348  INFO UserClient,main:25 - enter username
20:07:28,813  INFO UserClient,main:22 - **************
20:07:28,815  INFO UserClient,main:23 - Login Portal
20:07:28,815  INFO UserClient,main:24 - **************
20:07:28,815  INFO UserClient,main:25 - enter username
20:07:31,737  INFO UserClient,main:27 - enter password
20:07:35,221  INFO UserClient,main:36 - Admin is logged in
20:07:35,223  INFO UserClient,main:37 - 2020-06-13T20:07:33.841/SATURDAY
20:07:35,227  INFO AdminClient,main:28 - ************************
20:07:35,228  INFO AdminClient,main:29 - Welcome to admin portal
20:07:35,229  INFO AdminClient,main:30 - ************************
20:07:35,229  INFO AdminClient,main:31 - press 0 for adding student
20:07:35,229  INFO AdminClient,main:32 - press 1 for adding professor
20:07:35,229  INFO AdminClient,main:33 - press 2 for adding admin
20:07:35,229  INFO AdminClient,main:34 - press 3 for update student
20:07:35,229  INFO AdminClient,main:35 - press 4 for update professor
20:07:35,230  INFO AdminClient,main:36 - press 5 for update admin
20:07:35,230  INFO AdminClient,main:37 - press 6 for delete student
20:07:35,230  INFO AdminClient,main:38 - press 7 for delete professor
20:07:35,231  INFO AdminClient,main:39 - press 8 for delete admin
20:07:35,231  INFO AdminClient,main:40 - press 9 to add course to catalog
20:07:35,232  INFO AdminClient,main:41 - press 10 to update course in catalog
20:07:35,232  INFO AdminClient,main:42 - press 11 to delete course from catalog
20:07:35,232  INFO AdminClient,main:43 - press 12 to view student details
20:07:35,233  INFO AdminClient,main:44 - press 13 to view Courses
20:07:35,233  INFO AdminClient,main:45 - press 14 to logout
20:07:36,728  INFO AdminClient,main:278 - View Course catalog
20:07:36,814  INFO CourseCatalog,main:16 -  Course Id Course Name Course Schedule Number of students
20:07:36,816  INFO CourseCatalog,main:17 -        101    english    10-11AM          0
20:07:36,817  INFO CourseCatalog,main:17 -        102      maths     12-1PM          0
20:07:36,818  INFO CourseCatalog,main:17 -        103      hindi     9-10AM          0
20:07:36,818  INFO CourseCatalog,main:17 -        104    biology      1-2PM          0
20:07:36,818  INFO AdminClient,main:28 - ************************
20:07:36,819  INFO AdminClient,main:29 - Welcome to admin portal
20:07:36,819  INFO AdminClient,main:30 - ************************
20:07:36,819  INFO AdminClient,main:31 - press 0 for adding student
20:07:36,819  INFO AdminClient,main:32 - press 1 for adding professor
20:07:36,820  INFO AdminClient,main:33 - press 2 for adding admin
20:07:36,820  INFO AdminClient,main:34 - press 3 for update student
20:07:36,821  INFO AdminClient,main:35 - press 4 for update professor
20:07:36,821  INFO AdminClient,main:36 - press 5 for update admin
20:07:36,821  INFO AdminClient,main:37 - press 6 for delete student
20:07:36,821  INFO AdminClient,main:38 - press 7 for delete professor
20:07:36,821  INFO AdminClient,main:39 - press 8 for delete admin
20:07:36,822  INFO AdminClient,main:40 - press 9 to add course to catalog
20:07:36,822  INFO AdminClient,main:41 - press 10 to update course in catalog
20:07:36,822  INFO AdminClient,main:42 - press 11 to delete course from catalog
20:07:36,822  INFO AdminClient,main:43 - press 12 to view student details
20:07:36,823  INFO AdminClient,main:44 - press 13 to view Courses
20:07:36,823  INFO AdminClient,main:45 - press 14 to logout
20:07:46,800  INFO AdminClient,main:107 - admin logging out
20:07:46,801  INFO AdminClient,main:108 - 2020-06-13T20:07:46.800/SATURDAY
20:07:46,801  INFO UserClient,main:22 - **************
20:07:46,801  INFO UserClient,main:23 - Login Portal
20:07:46,801  INFO UserClient,main:24 - **************
20:07:46,801  INFO UserClient,main:25 - enter username
20:07:48,483  INFO UserClient,main:27 - enter password
20:07:49,507  INFO UserClient,main:42 - Professor is logged in
20:07:49,507  INFO UserClient,main:43 - 2020-06-13T20:07:49.506/SATURDAY
20:07:49,509  INFO ProfessorClient,main:20 - ****************************
20:07:49,510  INFO ProfessorClient,main:21 - welcome to professor portal
20:07:49,510  INFO ProfessorClient,main:22 - ****************************
20:07:49,510  INFO ProfessorClient,main:26 - enter 0 for getting course list
20:07:49,510  INFO ProfessorClient,main:27 - enter 1 for getting list of enrolled students
20:07:49,510  INFO ProfessorClient,main:28 - enter 2 for selecting course for teaching
20:07:49,510  INFO ProfessorClient,main:29 - enter 3 for uploading grades
20:07:49,510  INFO ProfessorClient,main:30 - enter 4 for logout
20:12:31,147  INFO UserClient,main:22 - **************
20:12:31,151  INFO UserClient,main:23 - Login Portal
20:12:31,151  INFO UserClient,main:24 - **************
20:12:31,151  INFO UserClient,main:25 - enter username
20:12:36,904  INFO UserClient,main:27 - enter password
20:12:39,830 ERROR UserClient,main:56 - ram User not found
20:12:39,831  INFO UserClient,main:22 - **************
20:12:39,831  INFO UserClient,main:23 - Login Portal
20:12:39,831  INFO UserClient,main:24 - **************
20:12:39,831  INFO UserClient,main:25 - enter username
20:12:43,791  INFO UserClient,main:27 - enter password
20:12:44,973  INFO UserClient,main:42 - Professor is logged in
20:12:44,974  INFO UserClient,main:43 - 2020-06-13T20:12:44.970/SATURDAY
20:12:44,977  INFO ProfessorClient,main:20 - ****************************
20:12:44,978  INFO ProfessorClient,main:21 - welcome to professor portal
20:12:44,978  INFO ProfessorClient,main:22 - ****************************
20:12:44,978  INFO ProfessorClient,main:26 - enter 0 for getting course list
20:12:44,978  INFO ProfessorClient,main:27 - enter 1 for getting list of enrolled students
20:12:44,978  INFO ProfessorClient,main:28 - enter 2 for selecting course for teaching
20:12:44,978  INFO ProfessorClient,main:29 - enter 3 for uploading grades
20:12:44,979  INFO ProfessorClient,main:30 - enter 4 for logout
20:12:46,868  INFO ProfessorClient,main:60 - Viewing course list
20:12:46,877  INFO StudentOperation,main:45 -  Course Id Course Name Course Schedule
20:12:46,878  INFO StudentOperation,main:46 -        101    english    10-11AM
20:12:46,878  INFO StudentOperation,main:46 -        102      maths     12-1PM
20:12:46,879  INFO StudentOperation,main:46 -        103      hindi     9-10AM
20:12:46,879  INFO StudentOperation,main:46 -        104    biology      1-2PM
20:12:46,879  INFO ProfessorClient,main:26 - enter 0 for getting course list
20:12:46,880  INFO ProfessorClient,main:27 - enter 1 for getting list of enrolled students
20:12:46,880  INFO ProfessorClient,main:28 - enter 2 for selecting course for teaching
20:12:46,880  INFO ProfessorClient,main:29 - enter 3 for uploading grades
20:12:46,880  INFO ProfessorClient,main:30 - enter 4 for logout
20:12:53,332  INFO ProfessorClient,main:68 - Viewing enrolled students list
20:12:53,332  INFO ProfessorClient,main:69 - enter courseid of which you want students:
20:13:00,266 ERROR UserDaoImpl,main:49 - Column 'studentid' not found.
20:13:00,267  INFO ProfessorClient,main:26 - enter 0 for getting course list
20:13:00,267  INFO ProfessorClient,main:27 - enter 1 for getting list of enrolled students
20:13:00,267  INFO ProfessorClient,main:28 - enter 2 for selecting course for teaching
20:13:00,267  INFO ProfessorClient,main:29 - enter 3 for uploading grades
20:13:00,268  INFO ProfessorClient,main:30 - enter 4 for logout
20:36:30,956  INFO UserClient,main:22 - **************
20:36:30,959  INFO UserClient,main:23 - Login Portal
20:36:30,960  INFO UserClient,main:24 - **************
20:36:30,960  INFO UserClient,main:25 - enter username
20:36:34,867  INFO UserClient,main:27 - enter password
20:36:38,315  INFO UserClient,main:42 - Professor is logged in
20:36:38,316  INFO UserClient,main:43 - 2020-06-13T20:36:36.689/SATURDAY
20:36:38,320  INFO ProfessorClient,main:20 - ****************************
20:36:38,320  INFO ProfessorClient,main:21 - welcome to professor portal
20:36:38,321  INFO ProfessorClient,main:22 - ****************************
20:36:38,321  INFO ProfessorClient,main:26 - enter 0 for getting course list
20:36:38,321  INFO ProfessorClient,main:27 - enter 1 for getting list of enrolled students
20:36:38,321  INFO ProfessorClient,main:28 - enter 2 for selecting course for teaching
20:36:38,322  INFO ProfessorClient,main:29 - enter 3 for uploading grades
20:36:38,322  INFO ProfessorClient,main:30 - enter 4 for logout
20:36:40,992  INFO ProfessorClient,main:68 - Viewing enrolled students list
20:36:40,993  INFO ProfessorClient,main:69 - enter courseid of which you want students:
20:36:42,949  INFO ProfessorClient,main:26 - enter 0 for getting course list
20:36:42,950  INFO ProfessorClient,main:27 - enter 1 for getting list of enrolled students
20:36:42,951  INFO ProfessorClient,main:28 - enter 2 for selecting course for teaching
20:36:42,952  INFO ProfessorClient,main:29 - enter 3 for uploading grades
20:36:42,953  INFO ProfessorClient,main:30 - enter 4 for logout
20:38:44,555  INFO UserClient,main:22 - **************
20:38:44,558  INFO UserClient,main:23 - Login Portal
20:38:44,558  INFO UserClient,main:24 - **************
20:38:44,558  INFO UserClient,main:25 - enter username
20:38:52,024  INFO UserClient,main:27 - enter password
20:38:55,446  INFO UserClient,main:42 - Professor is logged in
20:38:55,446  INFO UserClient,main:43 - 2020-06-13T20:38:54.030/SATURDAY
20:38:55,450  INFO ProfessorClient,main:20 - ****************************
20:38:55,450  INFO ProfessorClient,main:21 - welcome to professor portal
20:38:55,450  INFO ProfessorClient,main:22 - ****************************
20:38:55,451  INFO ProfessorClient,main:26 - enter 0 for getting course list
20:38:55,451  INFO ProfessorClient,main:27 - enter 1 for getting list of enrolled students
20:38:55,451  INFO ProfessorClient,main:28 - enter 2 for selecting course for teaching
20:38:55,451  INFO ProfessorClient,main:29 - enter 3 for uploading grades
20:38:55,452  INFO ProfessorClient,main:30 - enter 4 for logout
20:39:00,906  INFO ProfessorClient,main:68 - Viewing enrolled students list
20:39:00,906  INFO ProfessorClient,main:69 - enter courseid of which you want students:
20:39:03,808  INFO ProfessorClient,main:26 - enter 0 for getting course list
20:39:03,809  INFO ProfessorClient,main:27 - enter 1 for getting list of enrolled students
20:39:03,810  INFO ProfessorClient,main:28 - enter 2 for selecting course for teaching
20:39:03,810  INFO ProfessorClient,main:29 - enter 3 for uploading grades
20:39:03,811  INFO ProfessorClient,main:30 - enter 4 for logout
21:21:22,226  INFO UserClient,main:22 - **************
21:21:22,228  INFO UserClient,main:23 - Login Portal
21:21:22,228  INFO UserClient,main:24 - **************
21:21:22,228  INFO UserClient,main:25 - enter username
21:21:25,670  INFO UserClient,main:27 - enter password
21:21:27,830  INFO UserClient,main:42 - Professor is logged in
21:21:27,830  INFO UserClient,main:43 - 2020-06-13T21:21:26.777/SATURDAY
21:21:27,832  INFO ProfessorClient,main:20 - ****************************
21:21:27,832  INFO ProfessorClient,main:21 - welcome to professor portal
21:21:27,832  INFO ProfessorClient,main:22 - ****************************
21:21:27,832  INFO ProfessorClient,main:26 - enter 0 for getting course list
21:21:27,832  INFO ProfessorClient,main:27 - enter 1 for getting list of enrolled students
21:21:27,832  INFO ProfessorClient,main:28 - enter 2 for selecting course for teaching
21:21:27,832  INFO ProfessorClient,main:29 - enter 3 for uploading grades
21:21:27,833  INFO ProfessorClient,main:30 - enter 4 for logout
21:21:36,752  INFO ProfessorClient,main:68 - Viewing enrolled students list
21:21:36,752  INFO ProfessorClient,main:69 - enter courseid of which you want students:
21:21:38,829  INFO ProfessorOperation,main:20 - No students enrolled in this course or invalid course id
21:21:38,831  INFO ProfessorOperation,main:22 - Student Username Student Name
21:21:38,832  INFO ProfessorClient,main:26 - enter 0 for getting course list
21:21:38,833  INFO ProfessorClient,main:27 - enter 1 for getting list of enrolled students
21:21:38,833  INFO ProfessorClient,main:28 - enter 2 for selecting course for teaching
21:21:38,833  INFO ProfessorClient,main:29 - enter 3 for uploading grades
21:21:38,833  INFO ProfessorClient,main:30 - enter 4 for logout
21:21:47,568  INFO ProfessorClient,main:26 - enter 0 for getting course list
21:21:47,569  INFO ProfessorClient,main:27 - enter 1 for getting list of enrolled students
21:21:47,569  INFO ProfessorClient,main:28 - enter 2 for selecting course for teaching
21:21:47,570  INFO ProfessorClient,main:29 - enter 3 for uploading grades
21:21:47,570  INFO ProfessorClient,main:30 - enter 4 for logout
21:22:10,685  INFO UserClient,main:22 - **************
21:22:10,687  INFO UserClient,main:23 - Login Portal
21:22:10,687  INFO UserClient,main:24 - **************
21:22:10,687  INFO UserClient,main:25 - enter username
21:22:13,590  INFO UserClient,main:27 - enter password
21:22:16,502  INFO UserClient,main:42 - Professor is logged in
21:22:16,503  INFO UserClient,main:43 - 2020-06-13T21:22:15.438/SATURDAY
21:22:16,505  INFO ProfessorClient,main:20 - ****************************
21:22:16,505  INFO ProfessorClient,main:21 - welcome to professor portal
21:22:16,505  INFO ProfessorClient,main:22 - ****************************
21:22:16,505  INFO ProfessorClient,main:26 - enter 0 for getting course list
21:22:16,505  INFO ProfessorClient,main:27 - enter 1 for getting list of enrolled students
21:22:16,505  INFO ProfessorClient,main:28 - enter 2 for selecting course for teaching
21:22:16,505  INFO ProfessorClient,main:29 - enter 3 for uploading grades
21:22:16,505  INFO ProfessorClient,main:30 - enter 4 for logout
21:22:18,590  INFO ProfessorClient,main:68 - Viewing enrolled students list
21:22:18,591  INFO ProfessorClient,main:69 - enter courseid of which you want students:
21:22:20,448  INFO ProfessorOperation,main:23 - Student Username Student Name
21:22:20,449  INFO ProfessorOperation,main:24 -       syam       syam
21:22:20,449  INFO ProfessorClient,main:26 - enter 0 for getting course list
21:22:20,449  INFO ProfessorClient,main:27 - enter 1 for getting list of enrolled students
21:22:20,449  INFO ProfessorClient,main:28 - enter 2 for selecting course for teaching
21:22:20,449  INFO ProfessorClient,main:29 - enter 3 for uploading grades
21:22:20,450  INFO ProfessorClient,main:30 - enter 4 for logout
21:24:22,976  INFO ProfessorClient,main:76 - Choose course for teaching
21:24:22,977  INFO ProfessorClient,main:77 - enter course id for teaching
21:24:28,335 ERROR ProfessorDao,main:102 - Data truncation: Data too long for column 'username' at row 1
21:24:28,336 ERROR ProfessorOperation,main:46 - not able to choose course
21:24:28,336  INFO ProfessorClient,main:26 - enter 0 for getting course list
21:24:28,336  INFO ProfessorClient,main:27 - enter 1 for getting list of enrolled students
21:24:28,336  INFO ProfessorClient,main:28 - enter 2 for selecting course for teaching
21:24:28,336  INFO ProfessorClient,main:29 - enter 3 for uploading grades
21:24:28,337  INFO ProfessorClient,main:30 - enter 4 for logout
21:39:58,929  INFO UserClient,main:22 - **************
21:39:58,931  INFO UserClient,main:23 - Login Portal
21:39:58,931  INFO UserClient,main:24 - **************
21:39:58,931  INFO UserClient,main:25 - enter username
21:40:04,907  INFO UserClient,main:27 - enter password
21:40:09,307  INFO UserClient,main:42 - Professor is logged in
21:40:09,308  INFO UserClient,main:43 - 2020-06-13T21:40:08.274/SATURDAY
21:40:09,310  INFO ProfessorClient,main:20 - ****************************
21:40:09,310  INFO ProfessorClient,main:21 - welcome to professor portal
21:40:09,311  INFO ProfessorClient,main:22 - ****************************
21:40:09,311  INFO ProfessorClient,main:26 - enter 0 for getting course list
21:40:09,311  INFO ProfessorClient,main:27 - enter 1 for getting list of enrolled students
21:40:09,311  INFO ProfessorClient,main:28 - enter 2 for selecting course for teaching
21:40:09,311  INFO ProfessorClient,main:29 - enter 3 for uploading grades
21:40:09,311  INFO ProfessorClient,main:30 - enter 4 for logout
21:40:13,208  INFO ProfessorClient,main:76 - Choose course for teaching
21:40:13,208  INFO ProfessorClient,main:77 - enter course id for teaching
21:40:17,307  INFO ProfessorOperation,main:50 - course with courseid 111 successfully choosen
21:40:17,308  INFO ProfessorClient,main:26 - enter 0 for getting course list
21:40:17,308  INFO ProfessorClient,main:27 - enter 1 for getting list of enrolled students
21:40:17,309  INFO ProfessorClient,main:28 - enter 2 for selecting course for teaching
21:40:17,309  INFO ProfessorClient,main:29 - enter 3 for uploading grades
21:40:17,309  INFO ProfessorClient,main:30 - enter 4 for logout
21:42:47,071  INFO UserClient,main:22 - **************
21:42:47,073  INFO UserClient,main:23 - Login Portal
21:42:47,074  INFO UserClient,main:24 - **************
21:42:47,074  INFO UserClient,main:25 - enter username
21:42:49,691  INFO UserClient,main:27 - enter password
21:42:52,271  INFO UserClient,main:42 - Professor is logged in
21:42:52,272  INFO UserClient,main:43 - 2020-06-13T21:42:51.205/SATURDAY
21:42:52,274  INFO ProfessorClient,main:20 - ****************************
21:42:52,274  INFO ProfessorClient,main:21 - welcome to professor portal
21:42:52,274  INFO ProfessorClient,main:22 - ****************************
21:42:52,274  INFO ProfessorClient,main:26 - enter 0 for getting course list
21:42:52,274  INFO ProfessorClient,main:27 - enter 1 for getting list of enrolled students
21:42:52,274  INFO ProfessorClient,main:28 - enter 2 for selecting course for teaching
21:42:52,274  INFO ProfessorClient,main:29 - enter 3 for uploading grades
21:42:52,275  INFO ProfessorClient,main:30 - enter 4 for logout
21:42:58,501  INFO ProfessorClient,main:76 - Choose course for teaching
21:42:58,502  INFO ProfessorClient,main:77 - enter course id for teaching
21:43:05,246 ERROR ProfessorOperation,main:50 - not able to choose course.Invalid course
21:43:05,247  INFO ProfessorClient,main:26 - enter 0 for getting course list
21:43:05,247  INFO ProfessorClient,main:27 - enter 1 for getting list of enrolled students
21:43:05,247  INFO ProfessorClient,main:28 - enter 2 for selecting course for teaching
21:43:05,247  INFO ProfessorClient,main:29 - enter 3 for uploading grades
21:43:05,248  INFO ProfessorClient,main:30 - enter 4 for logout
21:43:12,384  INFO ProfessorClient,main:26 - enter 0 for getting course list
21:43:12,384  INFO ProfessorClient,main:27 - enter 1 for getting list of enrolled students
21:43:12,385  INFO ProfessorClient,main:28 - enter 2 for selecting course for teaching
21:43:12,385  INFO ProfessorClient,main:29 - enter 3 for uploading grades
21:43:12,385  INFO ProfessorClient,main:30 - enter 4 for logout
21:43:27,571  INFO ProfessorClient,main:76 - Choose course for teaching
21:43:27,572  INFO ProfessorClient,main:77 - enter course id for teaching
21:43:29,351  INFO ProfessorOperation,main:47 - course with courseid 102 successfully choosen
21:43:29,352  INFO ProfessorClient,main:26 - enter 0 for getting course list
21:43:29,353  INFO ProfessorClient,main:27 - enter 1 for getting list of enrolled students
21:43:29,353  INFO ProfessorClient,main:28 - enter 2 for selecting course for teaching
21:43:29,354  INFO ProfessorClient,main:29 - enter 3 for uploading grades
21:43:29,355  INFO ProfessorClient,main:30 - enter 4 for logout
21:44:15,852  INFO UserClient,main:22 - **************
21:44:15,854  INFO UserClient,main:23 - Login Portal
21:44:15,854  INFO UserClient,main:24 - **************
21:44:15,855  INFO UserClient,main:25 - enter username
21:44:22,036  INFO UserClient,main:27 - enter password
21:44:24,256  INFO UserClient,main:42 - Professor is logged in
21:44:24,256  INFO UserClient,main:43 - 2020-06-13T21:44:23.178/SATURDAY
21:44:24,258  INFO ProfessorClient,main:20 - ****************************
21:44:24,258  INFO ProfessorClient,main:21 - welcome to professor portal
21:44:24,258  INFO ProfessorClient,main:22 - ****************************
21:44:24,258  INFO ProfessorClient,main:26 - enter 0 for getting course list
21:44:24,259  INFO ProfessorClient,main:27 - enter 1 for getting list of enrolled students
21:44:24,259  INFO ProfessorClient,main:28 - enter 2 for selecting course for teaching
21:44:24,259  INFO ProfessorClient,main:29 - enter 3 for uploading grades
21:44:24,259  INFO ProfessorClient,main:30 - enter 4 for logout
21:44:26,675  INFO ProfessorClient,main:84 - uploading grades
21:44:26,675  INFO ProfessorClient,main:85 - enter student username for grade updation
21:44:31,790  INFO ProfessorClient,main:87 - enter course id 
21:44:36,147  INFO ProfessorClient,main:89 - enter grade 
21:44:39,959  INFO ProfessorOperation,main:36 - grades for student djfj updated
21:44:39,960  INFO ProfessorClient,main:26 - enter 0 for getting course list
21:44:39,961  INFO ProfessorClient,main:27 - enter 1 for getting list of enrolled students
21:44:39,961  INFO ProfessorClient,main:28 - enter 2 for selecting course for teaching
21:44:39,961  INFO ProfessorClient,main:29 - enter 3 for uploading grades
21:44:39,962  INFO ProfessorClient,main:30 - enter 4 for logout
21:53:50,022  INFO UserClient,main:22 - **************
21:53:50,024  INFO UserClient,main:23 - Login Portal
21:53:50,024  INFO UserClient,main:24 - **************
21:53:50,024  INFO UserClient,main:25 - enter username
21:53:52,893  INFO UserClient,main:27 - enter password
21:53:55,058  INFO UserClient,main:42 - Professor is logged in
21:53:55,058  INFO UserClient,main:43 - 2020-06-13T21:53:54.013/SATURDAY
21:53:55,060  INFO ProfessorClient,main:20 - ****************************
21:53:55,060  INFO ProfessorClient,main:21 - welcome to professor portal
21:53:55,061  INFO ProfessorClient,main:22 - ****************************
21:53:55,061  INFO ProfessorClient,main:26 - enter 0 for getting course list
21:53:55,061  INFO ProfessorClient,main:27 - enter 1 for getting list of enrolled students
21:53:55,061  INFO ProfessorClient,main:28 - enter 2 for selecting course for teaching
21:53:55,061  INFO ProfessorClient,main:29 - enter 3 for uploading grades
21:53:55,061  INFO ProfessorClient,main:30 - enter 4 for logout
21:53:57,953  INFO ProfessorClient,main:84 - uploading grades
21:53:57,953  INFO ProfessorClient,main:85 - enter student username for grade updation
21:54:29,689  INFO ProfessorClient,main:87 - enter course id 
21:54:33,109  INFO ProfessorClient,main:89 - enter grade 
21:54:35,229 ERROR ProfessorDao,main:69 - Invalid course id
21:54:35,229 ERROR ProfessorOperation,main:39 - not updated
21:54:35,230  INFO ProfessorClient,main:26 - enter 0 for getting course list
21:54:35,230  INFO ProfessorClient,main:27 - enter 1 for getting list of enrolled students
21:54:35,230  INFO ProfessorClient,main:28 - enter 2 for selecting course for teaching
21:54:35,230  INFO ProfessorClient,main:29 - enter 3 for uploading grades
21:54:35,231  INFO ProfessorClient,main:30 - enter 4 for logout
21:55:13,887  INFO ProfessorClient,main:84 - uploading grades
21:55:13,888  INFO ProfessorClient,main:85 - enter student username for grade updation
21:55:40,165  INFO ProfessorClient,main:87 - enter course id 
21:55:41,189  INFO ProfessorClient,main:89 - enter grade 
21:55:44,682 ERROR StudentDaoImpl,main:165 - Operation not allowed after ResultSet closed
21:55:44,803  INFO ProfessorOperation,main:36 - grades for student syam updated
21:55:44,803  INFO ProfessorClient,main:26 - enter 0 for getting course list
21:55:44,803  INFO ProfessorClient,main:27 - enter 1 for getting list of enrolled students
21:55:44,804  INFO ProfessorClient,main:28 - enter 2 for selecting course for teaching
21:55:44,804  INFO ProfessorClient,main:29 - enter 3 for uploading grades
21:55:44,805  INFO ProfessorClient,main:30 - enter 4 for logout
21:57:38,964  INFO UserClient,main:22 - **************
21:57:38,967  INFO UserClient,main:23 - Login Portal
21:57:38,967  INFO UserClient,main:24 - **************
21:57:38,967  INFO UserClient,main:25 - enter username
21:57:43,735  INFO UserClient,main:27 - enter password
21:57:45,966  INFO UserClient,main:42 - Professor is logged in
21:57:45,967  INFO UserClient,main:43 - 2020-06-13T21:57:44.926/SATURDAY
21:57:45,969  INFO ProfessorClient,main:20 - ****************************
21:57:45,970  INFO ProfessorClient,main:21 - welcome to professor portal
21:57:45,970  INFO ProfessorClient,main:22 - ****************************
21:57:45,970  INFO ProfessorClient,main:26 - enter 0 for getting course list
21:57:45,970  INFO ProfessorClient,main:27 - enter 1 for getting list of enrolled students
21:57:45,970  INFO ProfessorClient,main:28 - enter 2 for selecting course for teaching
21:57:45,971  INFO ProfessorClient,main:29 - enter 3 for uploading grades
21:57:45,971  INFO ProfessorClient,main:30 - enter 4 for logout
21:57:48,319  INFO ProfessorClient,main:84 - uploading grades
21:57:48,319  INFO ProfessorClient,main:85 - enter student username for grade updation
21:57:58,204  INFO ProfessorClient,main:87 - enter course id 
21:58:02,752  INFO ProfessorClient,main:89 - enter grade 
21:58:05,366  INFO ProfessorOperation,main:36 - grades for student syam updated
21:58:05,366  INFO ProfessorClient,main:26 - enter 0 for getting course list
21:58:05,366  INFO ProfessorClient,main:27 - enter 1 for getting list of enrolled students
21:58:05,367  INFO ProfessorClient,main:28 - enter 2 for selecting course for teaching
21:58:05,367  INFO ProfessorClient,main:29 - enter 3 for uploading grades
21:58:05,368  INFO ProfessorClient,main:30 - enter 4 for logout
21:58:37,571  INFO ProfessorClient,main:84 - uploading grades
21:58:37,572  INFO ProfessorClient,main:85 - enter student username for grade updation
21:58:42,632  INFO ProfessorClient,main:87 - enter course id 
21:58:45,428  INFO ProfessorClient,main:89 - enter grade 
21:58:47,646 ERROR ProfessorDao,main:69 - Invalid course id
21:58:47,646 ERROR ProfessorOperation,main:39 - not updated
21:58:47,646  INFO ProfessorClient,main:26 - enter 0 for getting course list
21:58:47,646  INFO ProfessorClient,main:27 - enter 1 for getting list of enrolled students
21:58:47,646  INFO ProfessorClient,main:28 - enter 2 for selecting course for teaching
21:58:47,646  INFO ProfessorClient,main:29 - enter 3 for uploading grades
21:58:47,647  INFO ProfessorClient,main:30 - enter 4 for logout
21:58:51,139  INFO ProfessorClient,main:84 - uploading grades
21:58:51,139  INFO ProfessorClient,main:85 - enter student username for grade updation
21:58:53,295  INFO ProfessorClient,main:87 - enter course id 
21:58:55,337  INFO ProfessorClient,main:89 - enter grade 
21:58:59,300  INFO ProfessorOperation,main:36 - grades for student syam updated
21:58:59,300  INFO ProfessorClient,main:26 - enter 0 for getting course list
21:58:59,300  INFO ProfessorClient,main:27 - enter 1 for getting list of enrolled students
21:58:59,300  INFO ProfessorClient,main:28 - enter 2 for selecting course for teaching
21:58:59,300  INFO ProfessorClient,main:29 - enter 3 for uploading grades
21:58:59,301  INFO ProfessorClient,main:30 - enter 4 for logout
22:28:16,064  INFO UserClient,main:22 - **************
22:28:16,066  INFO UserClient,main:23 - Login Portal
22:28:16,066  INFO UserClient,main:24 - **************
22:28:16,066  INFO UserClient,main:25 - enter username
22:28:33,286  INFO UserClient,main:22 - **************
22:28:33,289  INFO UserClient,main:23 - Login Portal
22:28:33,289  INFO UserClient,main:24 - **************
22:28:33,289  INFO UserClient,main:25 - enter username
22:28:36,747  INFO UserClient,main:27 - enter password
22:28:40,090  INFO UserClient,main:42 - Professor is logged in
22:28:40,090  INFO UserClient,main:43 - 2020-06-13T22:28:38.742/SATURDAY
22:28:40,093  INFO ProfessorClient,main:20 - ****************************
22:28:40,093  INFO ProfessorClient,main:21 - welcome to professor portal
22:28:40,093  INFO ProfessorClient,main:22 - ****************************
22:28:40,094  INFO ProfessorClient,main:26 - enter 0 for getting course list
22:28:40,094  INFO ProfessorClient,main:27 - enter 1 for getting list of enrolled students
22:28:40,094  INFO ProfessorClient,main:28 - enter 2 for selecting course for teaching
22:28:40,094  INFO ProfessorClient,main:29 - enter 3 for uploading grades
22:28:40,094  INFO ProfessorClient,main:30 - enter 4 to view your selected courses for teaching
22:28:40,094  INFO ProfessorClient,main:31 - enter 5 for logout
22:28:47,981  INFO ProfessorClient,main:98 - Here are your Courses
22:28:48,001 ERROR ProfessorDao,main:148 - Unknown column 'course.numberofStudents' in 'field list'
22:28:48,001  INFO ProfessorOperation,main:58 - You have not selected any course for teaching
22:28:48,001  INFO UserClient,main:22 - **************
22:28:48,001  INFO UserClient,main:23 - Login Portal
22:28:48,002  INFO UserClient,main:24 - **************
22:28:48,002  INFO UserClient,main:25 - enter username
22:29:36,569  INFO UserClient,main:22 - **************
22:29:36,574  INFO UserClient,main:23 - Login Portal
22:29:36,574  INFO UserClient,main:24 - **************
22:29:36,574  INFO UserClient,main:25 - enter username
22:29:39,237  INFO UserClient,main:27 - enter password
22:29:42,259  INFO UserClient,main:42 - Professor is logged in
22:29:42,259  INFO UserClient,main:43 - 2020-06-13T22:29:40.777/SATURDAY
22:29:42,262  INFO ProfessorClient,main:20 - ****************************
22:29:42,262  INFO ProfessorClient,main:21 - welcome to professor portal
22:29:42,262  INFO ProfessorClient,main:22 - ****************************
22:29:42,262  INFO ProfessorClient,main:26 - enter 0 for getting course list
22:29:42,263  INFO ProfessorClient,main:27 - enter 1 for getting list of enrolled students
22:29:42,263  INFO ProfessorClient,main:28 - enter 2 for selecting course for teaching
22:29:42,263  INFO ProfessorClient,main:29 - enter 3 for uploading grades
22:29:42,263  INFO ProfessorClient,main:30 - enter 4 to view your selected courses for teaching
22:29:42,263  INFO ProfessorClient,main:31 - enter 5 for logout
22:29:45,883  INFO ProfessorClient,main:98 - Here are your Courses
22:29:45,888  INFO ProfessorOperation,main:61 -  Course Id Course Name Course Schedule Number of students
22:29:45,890  INFO ProfessorOperation,main:62 -        102      maths     12-1PM          0
22:29:45,890  INFO UserClient,main:22 - **************
22:29:45,890  INFO UserClient,main:23 - Login Portal
22:29:45,890  INFO UserClient,main:24 - **************
22:29:45,890  INFO UserClient,main:25 - enter username
22:29:59,514  INFO UserClient,main:27 - enter password
22:30:01,762 ERROR UserClient,main:56 - 5 User not found
22:30:01,763  INFO UserClient,main:22 - **************
22:30:01,763  INFO UserClient,main:23 - Login Portal
22:30:01,763  INFO UserClient,main:24 - **************
22:30:01,763  INFO UserClient,main:25 - enter username
22:30:30,693  INFO UserClient,main:22 - **************
22:30:30,695  INFO UserClient,main:23 - Login Portal
22:30:30,695  INFO UserClient,main:24 - **************
22:30:30,696  INFO UserClient,main:25 - enter username
22:30:36,395  INFO UserClient,main:27 - enter password
22:30:39,918  INFO UserClient,main:42 - Professor is logged in
22:30:39,918  INFO UserClient,main:43 - 2020-06-13T22:30:38.505/SATURDAY
22:30:39,921  INFO ProfessorClient,main:20 - ****************************
22:30:39,921  INFO ProfessorClient,main:21 - welcome to professor portal
22:30:39,922  INFO ProfessorClient,main:22 - ****************************
22:30:39,922  INFO ProfessorClient,main:26 - enter 0 for getting course list
22:30:39,922  INFO ProfessorClient,main:27 - enter 1 for getting list of enrolled students
22:30:39,922  INFO ProfessorClient,main:28 - enter 2 for selecting course for teaching
22:30:39,922  INFO ProfessorClient,main:29 - enter 3 for uploading grades
22:30:39,922  INFO ProfessorClient,main:30 - enter 4 to view your selected courses for teaching
22:30:39,922  INFO ProfessorClient,main:31 - enter 5 for logout
22:30:43,497  INFO ProfessorClient,main:98 - Here are your Courses
22:30:43,502  INFO ProfessorOperation,main:61 -  Course Id Course Name Course Schedule Number of students
22:30:43,503  INFO ProfessorOperation,main:62 -        102      maths     12-1PM          0
22:30:43,504  INFO UserClient,main:22 - **************
22:30:43,504  INFO UserClient,main:23 - Login Portal
22:30:43,504  INFO UserClient,main:24 - **************
22:30:43,504  INFO UserClient,main:25 - enter username
22:31:08,985  INFO UserClient,main:22 - **************
22:31:08,988  INFO UserClient,main:23 - Login Portal
22:31:08,989  INFO UserClient,main:24 - **************
22:31:08,990  INFO UserClient,main:25 - enter username
22:31:12,103  INFO UserClient,main:27 - enter password
22:31:15,786  INFO UserClient,main:42 - Professor is logged in
22:31:15,787  INFO UserClient,main:43 - 2020-06-13T22:31:14.387/SATURDAY
22:31:15,789  INFO ProfessorClient,main:20 - ****************************
22:31:15,789  INFO ProfessorClient,main:21 - welcome to professor portal
22:31:15,790  INFO ProfessorClient,main:22 - ****************************
22:31:15,790  INFO ProfessorClient,main:26 - enter 0 for getting course list
22:31:15,790  INFO ProfessorClient,main:27 - enter 1 for getting list of enrolled students
22:31:15,790  INFO ProfessorClient,main:28 - enter 2 for selecting course for teaching
22:31:15,790  INFO ProfessorClient,main:29 - enter 3 for uploading grades
22:31:15,791  INFO ProfessorClient,main:30 - enter 4 to view your selected courses for teaching
22:31:15,791  INFO ProfessorClient,main:31 - enter 5 for logout
22:31:20,880  INFO ProfessorClient,main:98 - Here are your Courses
22:31:20,888  INFO ProfessorOperation,main:61 -  Course Id Course Name Course Schedule Number of students
22:31:20,889  INFO ProfessorOperation,main:62 -        102      maths     12-1PM          0
22:31:20,890  INFO ProfessorClient,main:26 - enter 0 for getting course list
22:31:20,890  INFO ProfessorClient,main:27 - enter 1 for getting list of enrolled students
22:31:20,890  INFO ProfessorClient,main:28 - enter 2 for selecting course for teaching
22:31:20,890  INFO ProfessorClient,main:29 - enter 3 for uploading grades
22:31:20,890  INFO ProfessorClient,main:30 - enter 4 to view your selected courses for teaching
22:31:20,891  INFO ProfessorClient,main:31 - enter 5 for logout
22:31:27,024  INFO ProfessorClient,main:55 - professor logging out
22:31:27,025  INFO ProfessorClient,main:56 - 2020-06-13T22:31:27.025/SATURDAY
22:31:27,025  INFO UserClient,main:22 - **************
22:31:27,025  INFO UserClient,main:23 - Login Portal
22:31:27,025  INFO UserClient,main:24 - **************
22:31:27,026  INFO UserClient,main:25 - enter username
22:31:35,831  INFO UserClient,main:27 - enter password
22:31:38,738  INFO UserClient,main:48 - Studnet is logged in
22:31:38,739  INFO UserClient,main:49 - 2020-06-13T22:31:38.736/SATURDAY
22:31:38,741  INFO StudentClient,main:74 - Welecome to student login
22:31:38,741  INFO StudentOperation,main:73 - Student details are fetched
22:31:38,744  INFO StudentClient,main:17 - press 0 for view catalog
22:31:38,744  INFO StudentClient,main:18 - press 1 for register course
22:31:38,745  INFO StudentClient,main:19 - press 2 for change schedule
22:31:38,745  INFO StudentClient,main:20 - press 3 for view grades
22:31:38,745  INFO StudentClient,main:21 - press 4 for logout
22:31:52,066  INFO StudentOperation,main:45 -  Course Id Course Name Course Schedule
22:31:52,067  INFO StudentOperation,main:46 -        101    english    10-11AM
22:31:52,069  INFO StudentOperation,main:46 -        102      maths     12-1PM
22:31:52,070  INFO StudentOperation,main:46 -        103      hindi     9-10AM
22:31:52,070  INFO StudentOperation,main:46 -        104    biology      1-2PM
22:31:52,070  INFO StudentClient,main:17 - press 0 for view catalog
22:31:52,070  INFO StudentClient,main:18 - press 1 for register course
22:31:52,071  INFO StudentClient,main:19 - press 2 for change schedule
22:31:52,071  INFO StudentClient,main:20 - press 3 for view grades
22:31:52,071  INFO StudentClient,main:21 - press 4 for logout
22:36:01,179  INFO UserClient,main:22 - **************
22:36:01,182  INFO UserClient,main:23 - Login Portal
22:36:01,183  INFO UserClient,main:24 - **************
22:36:01,183  INFO UserClient,main:25 - enter username
22:36:04,990  INFO UserClient,main:27 - enter password
22:36:08,996  INFO UserClient,main:48 - Studnet is logged in
22:36:08,996  INFO UserClient,main:49 - 2020-06-13T22:36:07.710/SATURDAY
22:36:08,997  INFO StudentClient,main:65 - Welecome to student login
22:36:08,999  INFO StudentOperation,main:65 - Student details are fetched
22:36:09,001  INFO StudentClient,main:17 - press 0 for view catalog
22:36:09,001  INFO StudentClient,main:18 - press 1 for register course
22:36:09,001  INFO StudentClient,main:19 - press 2 for view grades
22:36:09,001  INFO StudentClient,main:20 - press 3 for logout
22:36:14,463  INFO StudentOperation,main:56 - course grades are:90 100 86 10
22:36:14,463  INFO StudentClient,main:17 - press 0 for view catalog
22:36:14,464  INFO StudentClient,main:18 - press 1 for register course
22:36:14,464  INFO StudentClient,main:19 - press 2 for view grades
22:36:14,464  INFO StudentClient,main:20 - press 3 for logout
22:36:33,474  INFO StudentClient,main:26 - press 0 for add courses
22:36:33,475  INFO StudentClient,main:27 - press 1 for update course
22:36:33,475  INFO StudentClient,main:28 - press 2 for pay fess
22:36:46,908  INFO StudentClient,main:33 - enter courseid1
22:37:19,206  INFO StudentClient,main:35 - enter courseid2
22:37:20,280  INFO StudentClient,main:37 - enter courseid3
22:37:21,074  INFO StudentClient,main:39 - enter courseid4
22:37:21,976  INFO StudentOperation,main:21 - courses successfully added
22:37:21,978  INFO StudentClient,main:17 - press 0 for view catalog
22:37:21,978  INFO StudentClient,main:18 - press 1 for register course
22:37:21,978  INFO StudentClient,main:19 - press 2 for view grades
22:37:21,979  INFO StudentClient,main:20 - press 3 for logout
22:38:34,544  INFO StudentClient,main:26 - press 0 for add courses
22:38:34,544  INFO StudentClient,main:27 - press 1 for update course
22:38:34,544  INFO StudentClient,main:28 - press 2 for pay fess
22:38:36,778  INFO StudentClient,main:56 - fees payment started
22:38:36,778  INFO StudentClient,main:17 - press 0 for view catalog
22:38:36,778  INFO StudentClient,main:18 - press 1 for register course
22:38:36,778  INFO StudentClient,main:19 - press 2 for view grades
22:38:36,778  INFO StudentClient,main:20 - press 3 for logout
22:38:56,120  INFO StudentOperation,main:56 - course grades are:90 100 86 10
22:38:56,120  INFO StudentClient,main:17 - press 0 for view catalog
22:38:56,125  INFO StudentClient,main:18 - press 1 for register course
22:38:56,125  INFO StudentClient,main:19 - press 2 for view grades
22:38:56,125  INFO StudentClient,main:20 - press 3 for logout
22:39:29,201  INFO StudentClient,main:82 - Student logging out
22:39:29,202  INFO StudentClient,main:83 - 2020-06-13T22:39:29.202/SATURDAY
22:39:29,202  INFO UserClient,main:22 - **************
22:39:29,203  INFO UserClient,main:23 - Login Portal
22:39:29,203  INFO UserClient,main:24 - **************
22:39:29,203  INFO UserClient,main:25 - enter username
22:39:37,332  INFO UserClient,main:27 - enter password
22:39:39,518  INFO UserClient,main:48 - Studnet is logged in
22:39:39,518  INFO UserClient,main:49 - 2020-06-13T22:39:39.516/SATURDAY
22:39:39,518  INFO StudentClient,main:65 - Welecome to student login
22:39:39,518  INFO StudentOperation,main:65 - Student details are fetched
22:39:39,520  INFO StudentClient,main:17 - press 0 for view catalog
22:39:39,521  INFO StudentClient,main:18 - press 1 for register course
22:39:39,521  INFO StudentClient,main:19 - press 2 for view grades
22:39:39,521  INFO StudentClient,main:20 - press 3 for logout
22:39:43,222  INFO StudentClient,main:26 - press 0 for add courses
22:39:43,223  INFO StudentClient,main:27 - press 1 for update course
22:39:43,223  INFO StudentClient,main:28 - press 2 for pay fess
22:39:48,378  INFO StudentClient,main:33 - enter courseid1
22:41:28,690  INFO UserClient,main:22 - **************
22:41:28,692  INFO UserClient,main:23 - Login Portal
22:41:28,693  INFO UserClient,main:24 - **************
22:41:28,693  INFO UserClient,main:25 - enter username
22:41:31,090  INFO UserClient,main:27 - enter password
22:41:33,679  INFO UserClient,main:48 - Studnet is logged in
22:41:33,680  INFO UserClient,main:49 - 2020-06-13T22:41:32.269/SATURDAY
22:41:33,684  INFO StudentClient,main:65 - Welecome to student login
22:41:33,684  INFO StudentOperation,main:64 - Student details are fetched
22:41:33,699  INFO StudentClient,main:17 - press 0 for view catalog
22:41:33,699  INFO StudentClient,main:18 - press 1 for register course
22:41:33,700  INFO StudentClient,main:19 - press 2 for view grades
22:41:33,700  INFO StudentClient,main:20 - press 3 for logout
22:41:35,790  INFO StudentClient,main:26 - press 0 for add courses
22:41:35,790  INFO StudentClient,main:27 - press 1 for update course
22:41:35,790  INFO StudentClient,main:28 - press 2 for pay fess
22:41:37,200  INFO StudentClient,main:56 - fees payment started
22:41:37,200  INFO StudentOperation,main:61 - fees payment complete
22:41:37,201  INFO StudentClient,main:17 - press 0 for view catalog
22:41:37,201  INFO StudentClient,main:18 - press 1 for register course
22:41:37,201  INFO StudentClient,main:19 - press 2 for view grades
22:41:37,201  INFO StudentClient,main:20 - press 3 for logout
22:53:42,919  INFO UserClient,main:22 - **************
22:53:42,922  INFO UserClient,main:23 - Login Portal
22:53:42,923  INFO UserClient,main:24 - **************
22:53:42,923  INFO UserClient,main:25 - enter username
22:53:45,130  INFO UserClient,main:27 - enter password
22:53:48,281  INFO UserClient,main:48 - Studnet is logged in
22:53:48,282  INFO UserClient,main:49 - 2020-06-13T22:53:46.724/SATURDAY
22:53:48,286  INFO StudentClient,main:65 - Welecome to student login
22:53:48,286  INFO StudentOperation,main:75 - Student details are fetched
22:53:48,291  INFO StudentClient,main:17 - press 0 for view catalog
22:53:48,292  INFO StudentClient,main:18 - press 1 for register course
22:53:48,292  INFO StudentClient,main:19 - press 2 for view grades
22:53:48,292  INFO StudentClient,main:20 - press 3 for logout
22:53:51,496  INFO StudentClient,main:26 - press 0 for add courses
22:53:51,496  INFO StudentClient,main:27 - press 1 for update course
22:53:51,496  INFO StudentClient,main:28 - press 2 for pay fess
22:53:53,470  INFO StudentClient,main:33 - enter courseid1
22:53:58,103  INFO StudentClient,main:35 - enter courseid2
22:53:59,560  INFO StudentClient,main:37 - enter courseid3
22:54:00,682  INFO StudentClient,main:39 - enter courseid4
22:54:07,856  INFO StudentOperation,main:32 - courses successfully added
22:54:07,857  INFO StudentClient,main:17 - press 0 for view catalog
22:54:07,857  INFO StudentClient,main:18 - press 1 for register course
22:54:07,858  INFO StudentClient,main:19 - press 2 for view grades
22:54:07,858  INFO StudentClient,main:20 - press 3 for logout
22:54:35,650  INFO StudentOperation,main:67 - course grades are:90 100 86 10
22:54:35,651  INFO StudentClient,main:17 - press 0 for view catalog
22:54:35,651  INFO StudentClient,main:18 - press 1 for register course
22:54:35,651  INFO StudentClient,main:19 - press 2 for view grades
22:54:35,651  INFO StudentClient,main:20 - press 3 for logout
22:54:44,354  INFO StudentClient,main:26 - press 0 for add courses
22:54:44,355  INFO StudentClient,main:27 - press 1 for update course
22:54:44,355  INFO StudentClient,main:28 - press 2 for pay fess
22:54:46,343  INFO StudentClient,main:33 - enter courseid1
22:54:48,726  INFO StudentClient,main:35 - enter courseid2
22:54:52,673  INFO StudentClient,main:37 - enter courseid3
22:54:54,464  INFO StudentClient,main:39 - enter courseid4
22:54:56,642 ERROR StudentOperation,main:28 - Invalid course id
22:54:56,642  INFO StudentClient,main:17 - press 0 for view catalog
22:54:56,642  INFO StudentClient,main:18 - press 1 for register course
22:54:56,642  INFO StudentClient,main:19 - press 2 for view grades
22:54:56,642  INFO StudentClient,main:20 - press 3 for logout
22:55:54,751  INFO UserClient,main:22 - **************
22:55:54,754  INFO UserClient,main:23 - Login Portal
22:55:54,755  INFO UserClient,main:24 - **************
22:55:54,755  INFO UserClient,main:25 - enter username
22:55:57,199  INFO UserClient,main:27 - enter password
22:56:00,287  INFO UserClient,main:48 - Studnet is logged in
22:56:00,287  INFO UserClient,main:49 - 2020-06-13T22:55:58.665/SATURDAY
22:56:00,290  INFO StudentClient,main:65 - Welecome to student login
22:56:00,290  INFO StudentOperation,main:74 - Student details are fetched
22:56:00,293  INFO StudentClient,main:17 - press 0 for view catalog
22:56:00,293  INFO StudentClient,main:18 - press 1 for register course
22:56:00,293  INFO StudentClient,main:19 - press 2 for view grades
22:56:00,293  INFO StudentClient,main:20 - press 3 for logout
22:56:04,953  INFO StudentClient,main:26 - press 0 for add courses
22:56:04,953  INFO StudentClient,main:27 - press 1 for update course
22:56:04,953  INFO StudentClient,main:28 - press 2 for pay fess
22:56:12,187  INFO StudentClient,main:33 - enter courseid1
22:56:14,027  INFO StudentClient,main:35 - enter courseid2
22:56:14,829  INFO StudentClient,main:37 - enter courseid3
22:56:15,751  INFO StudentClient,main:39 - enter courseid4
22:56:16,762 ERROR StudentOperation,main:28 - Invalid course id
22:56:16,763  INFO StudentClient,main:17 - press 0 for view catalog
22:56:16,763  INFO StudentClient,main:18 - press 1 for register course
22:56:16,763  INFO StudentClient,main:19 - press 2 for view grades
22:56:16,763  INFO StudentClient,main:20 - press 3 for logout
23:12:01,668  INFO UserClient,main:22 - **************
23:12:01,672  INFO UserClient,main:23 - Login Portal
23:12:01,673  INFO UserClient,main:24 - **************
23:12:01,673  INFO UserClient,main:25 - enter username
23:12:03,769  INFO UserClient,main:27 - enter password
23:12:06,176  INFO UserClient,main:48 - Studnet is logged in
23:12:06,176  INFO UserClient,main:49 - 2020-06-13T23:12:04.897/SATURDAY
23:12:06,180  INFO StudentClient,main:65 - Welecome to student login
23:12:06,181  INFO StudentOperation,main:75 - Student details are fetched
23:12:06,185  INFO StudentClient,main:17 - press 0 for view catalog
23:12:06,185  INFO StudentClient,main:18 - press 1 for register course
23:12:06,186  INFO StudentClient,main:19 - press 2 for view grades
23:12:06,186  INFO StudentClient,main:20 - press 3 for logout
23:12:08,162  INFO StudentClient,main:26 - press 0 for add courses
23:12:08,162  INFO StudentClient,main:27 - press 1 for update course
23:12:08,162  INFO StudentClient,main:28 - press 2 for pay fess
23:12:10,057  INFO StudentClient,main:33 - enter courseid1
23:12:11,705  INFO StudentClient,main:35 - enter courseid2
23:12:13,570  INFO StudentClient,main:37 - enter courseid3
23:12:15,623  INFO StudentClient,main:39 - enter courseid4
23:12:18,649  INFO StudentOperation,main:32 - courses successfully added
23:12:18,650  INFO StudentClient,main:17 - press 0 for view catalog
23:12:18,651  INFO StudentClient,main:18 - press 1 for register course
23:12:18,652  INFO StudentClient,main:19 - press 2 for view grades
23:12:18,652  INFO StudentClient,main:20 - press 3 for logout
